# Logfile created on 2015-02-13 19:57:11 +0100 by logger.rb/44203
I, [2015-02-13T19:57:11.118516 #2757]  INFO -- : 0:  rake (10.3.2) from /Users/lamosty/.rvm/gems/ruby-2.1.0/specifications/rake-10.3.2.gemspec
I, [2015-02-13T19:57:11.118839 #2757]  INFO -- : 0:  i18n (0.6.9) from /Users/lamosty/.rvm/gems/ruby-2.1.0/specifications/i18n-0.6.9.gemspec
I, [2015-02-13T19:57:12.896436 #2757]  INFO -- : 0:  colorize (0.7.3) from /Users/lamosty/.rvm/gems/ruby-2.1.0/specifications/colorize-0.7.3.gemspec
I, [2015-02-13T19:57:15.119627 #2757]  INFO -- : 0:  net-ssh (2.9.1) from /Users/lamosty/.rvm/gems/ruby-2.1.0/specifications/net-ssh-2.9.1.gemspec
I, [2015-02-13T19:57:16.909544 #2757]  INFO -- : 0:  net-scp (1.2.1) from /Users/lamosty/.rvm/gems/ruby-2.1.0/specifications/net-scp-1.2.1.gemspec
I, [2015-02-13T19:57:18.794237 #2757]  INFO -- : 0:  sshkit (1.5.1) from /Users/lamosty/.rvm/gems/ruby-2.1.0/specifications/sshkit-1.5.1.gemspec
I, [2015-02-13T19:57:20.712952 #2757]  INFO -- : 0:  capistrano (3.2.1) from /Users/lamosty/.rvm/gems/ruby-2.1.0/specifications/capistrano-3.2.1.gemspec
I, [2015-02-13T19:57:22.467362 #2757]  INFO -- : 0:  capistrano-composer (0.0.4) from /Users/lamosty/.rvm/gems/ruby-2.1.0/specifications/capistrano-composer-0.0.4.gemspec
I, [2015-02-13T19:57:22.467700 #2757]  INFO -- : 0:  bundler (1.5.1) from /Users/lamosty/.rvm/gems/ruby-2.1.0@global/specifications/bundler-1.5.1.gemspec
I, [2015-02-13T19:58:05.449460 #2773]  INFO -- : 0:  rake (10.3.2) from /Users/lamosty/.rvm/gems/ruby-2.1.0/specifications/rake-10.3.2.gemspec
I, [2015-02-13T19:58:05.449825 #2773]  INFO -- : 0:  i18n (0.6.9) from /Users/lamosty/.rvm/gems/ruby-2.1.0/specifications/i18n-0.6.9.gemspec
I, [2015-02-13T19:58:05.452271 #2773]  INFO -- : 0:  colorize (0.7.3) from /Users/lamosty/.rvm/gems/ruby-2.1.0/specifications/colorize-0.7.3.gemspec
I, [2015-02-13T19:58:05.452647 #2773]  INFO -- : 0:  net-ssh (2.9.1) from /Users/lamosty/.rvm/gems/ruby-2.1.0/specifications/net-ssh-2.9.1.gemspec
I, [2015-02-13T19:58:05.452936 #2773]  INFO -- : 0:  net-scp (1.2.1) from /Users/lamosty/.rvm/gems/ruby-2.1.0/specifications/net-scp-1.2.1.gemspec
I, [2015-02-13T19:58:05.453162 #2773]  INFO -- : 0:  sshkit (1.5.1) from /Users/lamosty/.rvm/gems/ruby-2.1.0/specifications/sshkit-1.5.1.gemspec
I, [2015-02-13T19:58:05.453396 #2773]  INFO -- : 0:  capistrano (3.2.1) from /Users/lamosty/.rvm/gems/ruby-2.1.0/specifications/capistrano-3.2.1.gemspec
I, [2015-02-13T19:58:07.504311 #2773]  INFO -- : 0:  capistrano-composer (0.0.4) from /Users/lamosty/.rvm/gems/ruby-2.1.0/specifications/capistrano-composer-0.0.4.gemspec
I, [2015-02-13T19:58:07.504742 #2773]  INFO -- : 0:  bundler (1.5.1) from /Users/lamosty/.rvm/gems/ruby-2.1.0@global/specifications/bundler-1.5.1.gemspec
I, [2015-02-13T19:58:18.586883 #2787]  INFO -- : 0:  rake (10.3.2) from /Users/lamosty/.rvm/gems/ruby-2.1.0/specifications/rake-10.3.2.gemspec
I, [2015-02-13T19:58:18.587232 #2787]  INFO -- : 0:  i18n (0.6.9) from /Users/lamosty/.rvm/gems/ruby-2.1.0/specifications/i18n-0.6.9.gemspec
I, [2015-02-13T19:58:18.587511 #2787]  INFO -- : 0:  colorize (0.7.3) from /Users/lamosty/.rvm/gems/ruby-2.1.0/specifications/colorize-0.7.3.gemspec
I, [2015-02-13T19:58:18.587791 #2787]  INFO -- : 0:  net-ssh (2.9.1) from /Users/lamosty/.rvm/gems/ruby-2.1.0/specifications/net-ssh-2.9.1.gemspec
I, [2015-02-13T19:58:18.588068 #2787]  INFO -- : 0:  net-scp (1.2.1) from /Users/lamosty/.rvm/gems/ruby-2.1.0/specifications/net-scp-1.2.1.gemspec
I, [2015-02-13T19:58:18.588348 #2787]  INFO -- : 0:  sshkit (1.5.1) from /Users/lamosty/.rvm/gems/ruby-2.1.0/specifications/sshkit-1.5.1.gemspec
I, [2015-02-13T19:58:18.588633 #2787]  INFO -- : 0:  capistrano (3.2.1) from /Users/lamosty/.rvm/gems/ruby-2.1.0/specifications/capistrano-3.2.1.gemspec
I, [2015-02-13T19:58:18.588920 #2787]  INFO -- : 0:  capistrano-composer (0.0.4) from /Users/lamosty/.rvm/gems/ruby-2.1.0/specifications/capistrano-composer-0.0.4.gemspec
I, [2015-02-13T19:58:18.589198 #2787]  INFO -- : 0:  bundler (1.5.1) from /Users/lamosty/.rvm/gems/ruby-2.1.0@global/specifications/bundler-1.5.1.gemspec
